app/build/intermediates/manifest_merge_blame_file/debug/manifest-merger-blame-debug-report.txt
1<?xml version="1.0" encoding="utf-8"?>
2<manifest xmlns:android="http://schemas.android.com/apk/res/android"
3    package="com.here.fcws_mapmarker"
4    android:versionCode="1"
5    android:versionName="1.0" >
6
7    <uses-sdk
8        android:minSdkVersion="21"
8-->src/main/AndroidManifest.xml
9        android:targetSdkVersion="28" />
9-->src/main/AndroidManifest.xml
10
11    <uses-permission android:name="android.permission.INTERNET" />
11-->src/main/AndroidManifest.xml:5:5-67
11-->src/main/AndroidManifest.xml:5:22-64
12    <uses-permission android:name="android.permission.ACCESS_NETWORK_STATE" />
12-->src/main/AndroidManifest.xml:6:5-79
12-->src/main/AndroidManifest.xml:6:22-76
13    <uses-permission android:name="android.permission.WRITE_EXTERNAL_STORAGE" />
13-->src/main/AndroidManifest.xml:7:5-81
13-->src/main/AndroidManifest.xml:7:22-78
14
15    <application
15-->src/main/AndroidManifest.xml:9:5-50:19
16        android:name="com.here.fcws_mapmarker.App"
16-->src/main/AndroidManifest.xml:10:9-28
17        android:allowBackup="true"
17-->src/main/AndroidManifest.xml:11:9-35
18        android:appComponentFactory="android.support.v4.app.CoreComponentFactory"
18-->[com.android.support:support-compat:28.0.0] AndroidManifest.xml:22:18-91
19        android:debuggable="true"
20        android:icon="@mipmap/ic_launcher"
20-->src/main/AndroidManifest.xml:12:9-43
21        android:label="@string/app_name"
21-->src/main/AndroidManifest.xml:13:9-41
22        android:roundIcon="@mipmap/ic_launcher_round"
22-->src/main/AndroidManifest.xml:14:9-54
23        android:supportsRtl="true"
23-->src/main/AndroidManifest.xml:15:9-35
24        android:testOnly="true"
25        android:theme="@style/AppTheme" >
25-->src/main/AndroidManifest.xml:16:9-40
26
27        <!-- Set your credentials for the HERE SDK. -->
28        <meta-data
28-->src/main/AndroidManifest.xml:19:9-102
29            android:name="com.here.sdk.access_key_id"
29-->src/main/AndroidManifest.xml:19:20-61
30            android:value="qOTZWp430-3xXpEtQFs06w" />
30-->src/main/AndroidManifest.xml:19:62-100
31        <meta-data
31-->src/main/AndroidManifest.xml:20:9-170
32            android:name="com.here.sdk.access_key_secret"
32-->src/main/AndroidManifest.xml:20:20-65
33            android:value="zY86FfGzT0VxCodlkqswG_9hb9ZOmAPctxpC4ttJOG6DQhAERFCzDtdiPNrqErn0cYde7kpB3dGDtln-ei4gxw" />
33-->src/main/AndroidManifest.xml:20:66-168
34
35        <activity android:name="com.here.fcws_mapmarker.activities.MainActivity" >
35-->src/main/AndroidManifest.xml:22:9-29:20
35-->src/main/AndroidManifest.xml:22:19-81
36            <intent-filter>
36-->src/main/AndroidManifest.xml:23:13-28:29
37                <action android:name="android.intent.action.MAIN" />
37-->src/main/AndroidManifest.xml:24:17-69
37-->src/main/AndroidManifest.xml:24:25-66
38                <action android:name="android.intent.action.VIEW" />
38-->src/main/AndroidManifest.xml:25:17-69
38-->src/main/AndroidManifest.xml:25:25-66
39
40                <category android:name="android.intent.category.LAUNCHER" />
40-->src/main/AndroidManifest.xml:27:17-77
40-->src/main/AndroidManifest.xml:27:27-74
41            </intent-filter>
42        </activity>
43        <activity
43-->src/main/AndroidManifest.xml:31:9-37:20
44            android:name="com.here.fcws_mapmarker.activities.MapViewActivity"
44-->src/main/AndroidManifest.xml:31:19-61
45            android:parentActivityName="com.here.fcws_mapmarker.activities.MainActivity" >
45-->src/main/AndroidManifest.xml:32:13-66
46
47            <!-- The meta-data tag is required if you support API level 15 and lower -->
48            <meta-data
48-->src/main/AndroidManifest.xml:34:13-36:60
49                android:name="android.support.PARENT_ACTIVITY"
49-->src/main/AndroidManifest.xml:35:17-63
50                android:value=".activities.MainActivity" />
50-->src/main/AndroidManifest.xml:36:17-57
51        </activity>
52        <activity
52-->src/main/AndroidManifest.xml:39:9-45:20
53            android:name="com.here.fcws_mapmarker.activities.VehicleParametersActivity"
53-->src/main/AndroidManifest.xml:39:19-71
54            android:parentActivityName="com.here.fcws_mapmarker.activities.MapViewActivity" >
54-->src/main/AndroidManifest.xml:40:13-69
55
56            <!-- The meta-data tag is required if you support API level 15 and lower -->
57            <meta-data
57-->src/main/AndroidManifest.xml:34:13-36:60
58                android:name="android.support.PARENT_ACTIVITY"
58-->src/main/AndroidManifest.xml:35:17-63
59                android:value=".activities.MapViewActivity" />
59-->src/main/AndroidManifest.xml:36:17-57
60        </activity>
61
62        <service
62-->src/main/AndroidManifest.xml:47:9-48:44
63            android:name="com.here.fcws_mapmarker.service.UDPServerService"
63-->src/main/AndroidManifest.xml:47:18-58
64            android:exported="false" />
64-->src/main/AndroidManifest.xml:48:17-41
65
66        <!-- ${applicationId} will be replaced to ${applicationId} after the manifest merge. -->
67        <provider
67-->[heresdk-lite-android-4.5.1.0.3221.aar] AndroidManifest.xml:17:9-20:40
68            android:name="com.here.sdk.engine.InitProvider"
68-->[heresdk-lite-android-4.5.1.0.3221.aar] AndroidManifest.xml:18:13-60
69            android:authorities="com.here.fcws_mapmarker.com.here.sdk.engine.InitProvider"
69-->[heresdk-lite-android-4.5.1.0.3221.aar] AndroidManifest.xml:19:13-84
70            android:exported="false" />
70-->[heresdk-lite-android-4.5.1.0.3221.aar] AndroidManifest.xml:20:13-37
71    </application>
72
73</manifest>